[01:28:26] [main/INFO]: Setting user: Player261
[01:28:27] [Client thread/INFO]: LWJGL Version: 2.9.1
[01:28:37] [Client thread/INFO]: Reloading ResourceManager: Default, FMLFileResourcePack:Forge Mod Loader, FMLFileResourcePack:Minecraft Forge, FMLFileResourcePack:Telgttatium
[01:28:39] [Sound Library Loader/INFO]: Sound engine started
[01:28:43] [Client thread/INFO]: Created: 16x16 textures/blocks-atlas
[01:28:43] [Client thread/INFO]: Created: 16x16 textures/items-atlas
[01:28:44] [Client thread/INFO]: Reloading ResourceManager: Default, FMLFileResourcePack:Forge Mod Loader, FMLFileResourcePack:Minecraft Forge, FMLFileResourcePack:Telgttatium
[01:28:44] [Client thread/INFO]: Created: 512x512 textures/blocks-atlas
[01:28:45] [Client thread/INFO]: Created: 256x256 textures/items-atlas
[01:28:45] [Sound Library Loader/INFO]: Sound engine started
[01:28:56] [Server thread/INFO]: Starting integrated minecraft server version 1.7.10
[01:28:56] [Server thread/INFO]: Generating keypair
[01:28:56] [Server thread/INFO]: Preparing start region for level 0
[01:28:57] [Server thread/INFO]: Changing view distance to 12, from 10
[01:28:57] [Server thread/INFO]: Player261[local:E:7600bd90] logged in with entity id 235 at (-56.67805284558924, 4.0, 217.27252686729537)
[01:28:57] [Server thread/INFO]: Player261 joined the game
[01:29:05] [Server thread/INFO]: Saving and pausing game...
[01:29:05] [Server thread/INFO]: Saving chunks for level 'New World'/Overworld
[01:29:05] [Server thread/INFO]: Saving chunks for level 'New World'/Nether
[01:29:05] [Server thread/INFO]: Saving chunks for level 'New World'/The End
[01:29:06] [Client thread/INFO]: Stopping!
[01:29:06] [Server thread/INFO]: Stopping server
[01:29:06] [Server thread/INFO]: Saving players
[01:29:06] [Server thread/INFO]: Saving worlds
[01:29:06] [Server thread/INFO]: Saving chunks for level 'New World'/Overworld
[01:29:06] [Server thread/INFO]: Saving chunks for level 'New World'/Nether
[01:29:06] [Server thread/INFO]: Saving chunks for level 'New World'/The End
